<?xml version="1.0" encoding="UTF-8" ?>
<testsuites>
 <testsuite name="angularjs homepage todo list" timestamp="2017-06-16T11:12:10" hostname="localhost" time="4.242" errors="0" tests="1" skipped="0" disabled="0" failures="0">
  <testcase classname="angularjs homepage todo list" name="should add a todo" time="4.241" />
 </testsuite>
</testsuites>