<?xml version="1.0" encoding="UTF-8" ?>
<testsuites>
 <testsuite name="Enter GURU99 Name" timestamp="2017-06-18T17:41:39" hostname="localhost" time="14.084" errors="0" tests="1" skipped="0" disabled="0" failures="0">
  <testcase classname="Enter GURU99 Name" name="should add a Name as GURU99" time="14.082" />
 </testsuite>
</testsuites>