<?xml version="1.0" encoding="UTF-8" ?>
<testsuites>
 <testsuite name="Protractor Demo App" timestamp="2017-06-18T17:51:17" hostname="localhost" time="7.441" errors="0" tests="3" skipped="0" disabled="0" failures="0">
  <testcase classname="Protractor Demo App" name="should have a title" time="1.771" />
  <testcase classname="Protractor Demo App" name="should add one and two" time="2.947" />
  <testcase classname="Protractor Demo App" name="should add four and six" time="2.72" />
 </testsuite>
</testsuites>