<?xml version="1.0" encoding="UTF-8" ?>
<testsuites>
 <testsuite name="Protractor Demo App" timestamp="2017-06-18T17:49:20" hostname="localhost" time="9.803" errors="0" tests="3" skipped="0" disabled="0" failures="0">
  <testcase classname="Protractor Demo App" name="should have a title" time="1.714" />
  <testcase classname="Protractor Demo App" name="should add one and two" time="4.258" />
  <testcase classname="Protractor Demo App" name="should add four and six" time="3.828" />
 </testsuite>
</testsuites>